<?xml version="1.0" encoding="UTF-8"?>
<!-- Generated by org.testng.reporters.JUnitReportReporter -->
<testsuite hostname="DESKTOP-7RQ531E" failures="0" tests="1" name="com.eva.vtiger.testscript.smoke1.LeadsSmokeTestCase1" time="54.143" errors="0" timestamp="2024-09-11T17:39:54 IST" skipped="0">
  <testcase classname="com.eva.vtiger.testscript.smoke1.LeadsSmokeTestCase1" name="verifySearchLeads" time="54.143"/>
  <system-out/>
</testsuite> <!-- com.eva.vtiger.testscript.smoke1.LeadsSmokeTestCase1 -->
