<?xml version="1.0" encoding="UTF-8"?>
<!-- Generated by org.testng.reporters.JUnitReportReporter -->
<testsuite hostname="DESKTOP-7RQ531E" failures="0" tests="1" name="com.eva.vtiger.testscript.smoke1.LeadsSmokeTestCase1" time="12.422" errors="0" timestamp="2024-08-05T18:44:19 IST" skipped="0">
  <testcase classname="com.eva.vtiger.testscript.smoke1.LeadsSmokeTestCase1" name="verifyDeleteLeads" time="12.422"/>
  <system-out/>
</testsuite> <!-- com.eva.vtiger.testscript.smoke1.LeadsSmokeTestCase1 -->
