<?xml version="1.0" encoding="UTF-8"?>
<!-- Generated by org.testng.reporters.JUnitReportReporter -->
<testsuite hostname="DESKTOP-7RQ531E" failures="0" tests="4" name="com.eva.vtiger.testscript.smoke1.AccountsSmokeTestCase1" time="63.041" errors="0" timestamp="2024-07-29T17:25:31 IST" skipped="0">
  <testcase classname="com.eva.vtiger.testscript.smoke1.AccountsSmokeTestCase1" name="verifyCreateAccounts" time="30.763"/>
  <system-out/>
  <testcase classname="com.eva.vtiger.testscript.smoke1.AccountsSmokeTestCase1" name="verifySearchAccounts" time="8.837"/>
  <system-out/>
  <testcase classname="com.eva.vtiger.testscript.smoke1.AccountsSmokeTestCase1" name="verifyAccountDetails" time="8.347"/>
  <system-out/>
  <testcase classname="com.eva.vtiger.testscript.smoke1.AccountsSmokeTestCase1" name="verifyAccountIsDelete" time="15.094"/>
  <system-out/>
</testsuite> <!-- com.eva.vtiger.testscript.smoke1.AccountsSmokeTestCase1 -->
