<?xml version="1.0" encoding="UTF-8"?>
<!-- Generated by org.testng.reporters.JUnitReportReporter -->
<testsuite hostname="DESKTOP-7RQ531E" failures="0" tests="1" name="com.eva.vtiger.testscript.smoke1.AccountsSmokeTestCase1" time="23.052" errors="0" timestamp="2024-08-06T18:46:19 IST" skipped="0">
  <testcase classname="com.eva.vtiger.testscript.smoke1.AccountsSmokeTestCase1" name="verifyCreateAccounts" time="23.052"/>
  <system-out/>
</testsuite> <!-- com.eva.vtiger.testscript.smoke1.AccountsSmokeTestCase1 -->
